2021-01-21 10:44:27.305  INFO 243 --- [main] lavalink.server.Launcher                 : 

[32m       .  [31m _                  _ _       _    [32m__ _ _
[32m      /\\ [31m| | __ ___   ____ _| (_)_ __ | | __[32m\ \ \ \
[32m     ( ( )[31m| |/ _` \ \ / / _` | | | '_ \| |/ /[32m \ \ \ \
[32m      \\/ [31m| | (_| |\ V / (_| | | | | | |   < [32m  ) ) ) )
[32m       '  [31m|_|\__,_| \_/ \__,_|_|_|_| |_|_|\_\[32m / / / /
[0m    =========================================[32m/_/_/_/[0m

	Version:        3.3.2.3
	Build:          1176
	Build time:     28.12.2020 18:59:16 UTC
	Branch          master
	Commit:         68d398a
	Commit time:    28.12.2020 18:56:23 UTC
	JVM:            11.0.9.1
	Lavaplayer      1.3.65

2021-01-21 10:44:28.504  INFO 243 --- [main] lavalink.server.Launcher                 : Starting Launcher on b4a7882af14b with PID 243 (/home/runner/Watu-Wa-Gaming-Bot/Lavalink.jar started by runner in /home/runner/Watu-Wa-Gaming-Bot)
2021-01-21 10:44:28.508  INFO 243 --- [main] lavalink.server.Launcher                 : No active profile set, falling back to default profiles: default
2021-01-21 10:44:29.702  WARN 243 --- [background-preinit] o.s.h.c.j.Jackson2ObjectMapperBuilder    : For Jackson Kotlin classes support please add "com.fasterxml.jackson.module:jackson-module-kotlin" to the classpath
2021-01-21 10:44:39.819  WARN 243 --- [main] io.undertow.websockets.jsr               : UT026010: Buffer pool was not set on WebSocketDeploymentInfo, the default pool will be used
2021-01-21 10:44:39.997  INFO 243 --- [main] io.undertow.servlet                      : Initializing Spring embedded WebApplicationContext
2021-01-21 10:44:39.999  INFO 243 --- [main] o.s.web.context.ContextLoader            : Root WebApplicationContext: initialization completed in 10891 ms
2021-01-21 10:44:42.610  WARN 243 --- [main] l.server.config.SentryConfiguration      : Turning off sentry
2021-01-21 10:44:45.395  INFO 243 --- [main] c.s.d.l.tools.GarbageCollectionMonitor   : GC monitoring enabled, reporting results every 2 minutes.
2021-01-21 10:44:46.902  INFO 243 --- [main] lavalink.server.config.KoeConfiguration  : OS: Linux, Arch: amd64
2021-01-21 10:44:46.903  INFO 243 --- [main] lavalink.server.config.KoeConfiguration  : Enabling JDA-NAS
2021-01-21 10:44:46.916  INFO 243 --- [main] c.s.l.c.natives.NativeLibraryLoader      : Native library udpqueue: loading with filter null
2021-01-21 10:44:46.924  INFO 243 --- [main] c.s.l.c.natives.NativeLibraryLoader      : Native library udpqueue: successfully loaded.
2021-01-21 10:44:49.594  INFO 243 --- [main] o.s.s.concurrent.ThreadPoolTaskExecutor  : Initializing ExecutorService 'applicationTaskExecutor'
2021-01-21 10:44:52.908  INFO 243 --- [main] org.xnio                                 : XNIO version 3.3.8.Final
2021-01-21 10:44:53.002  INFO 243 --- [main] org.xnio.nio                             : XNIO NIO Implementation Version 3.3.8.Final
2021-01-21 10:44:53.508  INFO 243 --- [main] o.s.b.w.e.u.UndertowServletWebServer     : Undertow started on port(s) 7000 (http) with context path ''
2021-01-21 10:44:53.595  INFO 243 --- [main] lavalink.server.Launcher                 : Started Launcher in 33.025 seconds (JVM running for 38.053)
2021-01-21 10:44:53.603  INFO 243 --- [main] lavalink.server.Launcher                 : You can safely ignore the big red warning about illegal reflection. See https://github.com/Frederikam/Lavalink/issues/295
